\BOOKMARK [0][-]{chapter.1}{\376\377\000I\000n\000t\000r\000o\000d\000u\000c\000t\000i\000o\000n}{}% 1
\BOOKMARK [1][-]{section.1.1}{\376\377\000R\000e\000c\000e\000n\000t\000\040\000a\000d\000v\000a\000n\000c\000e\000s\000\040\000i\000n\000\040\000a\000r\000t\000i\000f\000i\000c\000i\000a\000l\000\040\000i\000n\000t\000e\000l\000l\000i\000g\000e\000n\000c\000e}{chapter.1}% 2
\BOOKMARK [2][-]{subsection.1.1.1}{\376\377\000P\000u\000b\000l\000i\000c\000\040\000a\000d\000o\000p\000t\000i\000o\000n}{section.1.1}% 3
\BOOKMARK [2][-]{subsection.1.1.2}{\376\377\000B\000a\000c\000k\000l\000a\000s\000h\000\040\000t\000o\000\040\000"\000A\000I\000\040\000a\000r\000t\000"\000\040\000a\000n\000d\000\040\000t\000h\000e\000\040\000q\000u\000e\000s\000t\000i\000o\000n\000\040\000o\000f\000\040\000c\000o\000n\000s\000c\000i\000o\000u\000s\000n\000e\000s\000s}{section.1.1}% 4
\BOOKMARK [1][-]{section.1.2}{\376\377\000O\000b\000j\000e\000c\000t\000i\000v\000e}{chapter.1}% 5
\BOOKMARK [1][-]{section.1.3}{\376\377\000C\000h\000o\000o\000s\000i\000n\000g\000\040\000a\000n\000\040\000a\000p\000p\000r\000o\000a\000c\000h}{chapter.1}% 6
\BOOKMARK [2][-]{subsection.1.3.1}{\376\377\000T\000h\000i\000n\000k\000i\000n\000g\000\040\000r\000a\000t\000i\000o\000n\000a\000l\000l\000y\000\040\000\050\000A\000r\000t\000i\000f\000i\000c\000i\000a\000l\000\040\000i\000n\000t\000e\000l\000l\000i\000g\000e\000n\000c\000e\000\051}{section.1.3}% 7
\BOOKMARK [2][-]{subsection.1.3.2}{\376\377\000A\000c\000t\000i\000n\000g\000\040\000r\000a\000t\000i\000o\000n\000a\000l\000l\000y\000\040\000\050\000A\000p\000p\000a\000r\000e\000n\000t\000\040\000a\000r\000t\000i\000f\000i\000c\000i\000a\000l\000\040\000i\000n\000t\000e\000l\000l\000i\000g\000e\000n\000c\000e\000\051}{section.1.3}% 8
\BOOKMARK [2][-]{subsection.1.3.3}{\376\377\000T\000h\000i\000n\000k\000i\000n\000g\000\040\000"\000h\000u\000m\000a\000n\000l\000y\000"\000\040\000\050\000c\000o\000n\000s\000c\000i\000o\000u\000s\000n\000e\000s\000s\000?\000\051}{section.1.3}% 9
\BOOKMARK [2][-]{subsection.1.3.4}{\376\377\000A\000c\000t\000i\000n\000g\000\040\000"\000h\000u\000m\000a\000n\000l\000y\000"\000\040\000\050\000a\000p\000p\000a\000r\000e\000n\000t\000\040\000c\000o\000n\000s\000c\000i\000o\000u\000s\000n\000e\000s\000s\000\051}{section.1.3}% 10
\BOOKMARK [1][-]{section.1.4}{\376\377\000A\000r\000t\000i\000f\000i\000c\000i\000a\000l\000\040\000i\000n\000t\000e\000l\000l\000i\000g\000e\000n\000c\000e}{chapter.1}% 11
\BOOKMARK [2][-]{subsection.1.4.1}{\376\377\000T\000h\000e\000\040\000f\000i\000v\000e\000\040\000s\000c\000h\000o\000o\000l\000s\000\040\000o\000f\000\040\000a\000r\000t\000i\000f\000i\000c\000i\000a\000l\000\040\000i\000n\000t\000e\000l\000l\000i\000g\000e\000n\000c\000e}{section.1.4}% 12
\BOOKMARK [1][-]{section.1.5}{\376\377\000A\000r\000t\000i\000f\000i\000c\000i\000a\000l\000\040\000c\000o\000n\000s\000c\000i\000o\000u\000s\000n\000e\000s\000s}{chapter.1}% 13
\BOOKMARK [2][-]{subsection.1.5.1}{\376\377\000A\000n\000t\000h\000r\000o\000p\000o\000m\000o\000r\000p\000h\000i\000s\000m\000\040\000a\000n\000d\000\040\000A\000I}{section.1.5}% 14
\BOOKMARK [2][-]{subsection.1.5.2}{\376\377\000T\000h\000e\000\040\000C\000h\000i\000n\000e\000s\000e\000\040\000R\000o\000o\000m\000\040\000A\000r\000g\000u\000m\000e\000n\000t}{section.1.5}% 15
\BOOKMARK [2][-]{subsection.1.5.3}{\376\377\000P\000o\000p\000u\000l\000a\000r\000\040\000m\000e\000d\000i\000a\000\040\000d\000e\000p\000i\000c\000t\000i\000o\000n\000s\000\040\000o\000f\000\040\000A\000I\000\040\000a\000s\000\040\000a\000r\000t\000i\000f\000i\000c\000i\000a\000l\000\040\000c\000o\000n\000s\000c\000i\000o\000u\000s\000n\000e\000s\000s}{section.1.5}% 16
\BOOKMARK [2][-]{subsection.1.5.4}{\376\377\000W\000h\000y\000\040\000s\000h\000o\000u\000l\000d\000\040\000w\000e\000\040\000c\000a\000r\000e\000\040\000a\000b\000o\000u\000t\000\040\000a\000r\000t\000i\000f\000i\000c\000i\000a\000l\000\040\000c\000o\000n\000s\000c\000i\000o\000u\000s\000n\000e\000s\000s\000?}{section.1.5}% 17
\BOOKMARK [1][-]{section.1.6}{\376\377\000D\000e\000f\000i\000n\000i\000n\000g\000\040\000i\000n\000t\000e\000l\000l\000i\000g\000e\000n\000c\000e}{chapter.1}% 18
\BOOKMARK [2][-]{subsection.1.6.1}{\376\377\000T\000y\000p\000e\000s\000\040\000o\000f\000\040\000i\000n\000t\000e\000l\000l\000i\000g\000e\000n\000c\000e}{section.1.6}% 19
\BOOKMARK [2][-]{subsection.1.6.2}{\376\377\000T\000e\000s\000t\000i\000n\000g\000\040\000f\000o\000r\000\040\000i\000n\000t\000e\000l\000l\000i\000g\000e\000n\000c\000e}{section.1.6}% 20
\BOOKMARK [2][-]{subsection.1.6.3}{\376\377\000A\000\040\000f\000e\000w\000\040\000n\000o\000t\000a\000b\000l\000e\000\040\000a\000t\000t\000e\000m\000p\000t\000s\000\040\000a\000t\000\040\000s\000i\000m\000u\000l\000a\000t\000i\000n\000g\000/\000c\000r\000e\000a\000t\000i\000n\000g\000\040\000i\000n\000t\000e\000l\000l\000i\000g\000e\000n\000c\000e}{section.1.6}% 21
\BOOKMARK [1][-]{section.1.7}{\376\377\000D\000e\000f\000i\000n\000i\000n\000g\000\040\000c\000o\000n\000s\000c\000i\000o\000u\000s\000n\000e\000s\000s}{chapter.1}% 22
\BOOKMARK [2][-]{subsection.1.7.1}{\376\377\000E\000x\000i\000s\000t\000i\000n\000g\000\040\000t\000h\000e\000o\000r\000i\000e\000s}{section.1.7}% 23
\BOOKMARK [2][-]{subsection.1.7.2}{\376\377\000T\000e\000s\000t\000i\000n\000g\000\040\000f\000o\000r\000\040\000c\000o\000n\000s\000c\000i\000o\000u\000s\000n\000e\000s\000s}{section.1.7}% 24
\BOOKMARK [2][-]{subsection.1.7.3}{\376\377\000S\000e\000l\000f\000-\000a\000w\000a\000r\000e\000n\000e\000s\000s\000\040\000t\000e\000s\000t\000s}{section.1.7}% 25
\BOOKMARK [2][-]{subsection.1.7.4}{\376\377\000A\000\040\000f\000e\000w\000\040\000n\000o\000t\000a\000b\000l\000e\000\040\000p\000r\000o\000j\000e\000c\000t\000s\000\040\000r\000e\000l\000a\000t\000e\000d\000\040\000t\000o\000\040\000s\000i\000m\000u\000l\000a\000t\000i\000n\000g\000/\000c\000r\000e\000a\000t\000i\000n\000g\000\040\000c\000o\000n\000s\000c\000i\000o\000u\000s\000n\000e\000s\000s}{section.1.7}% 26
\BOOKMARK [0][-]{chapter.2}{\376\377\000M\000a\000t\000e\000r\000i\000a\000l\000s\000\040\000a\000n\000d\000\040\000M\000e\000t\000h\000o\000d\000s}{}% 27
\BOOKMARK [1][-]{section.2.1}{\376\377\000V\000i\000r\000t\000u\000a\000l\000\040\000t\000e\000s\000t\000i\000n\000g\000\040\000e\000n\000v\000i\000r\000o\000n\000m\000e\000n\000t}{chapter.2}% 28
\BOOKMARK [1][-]{section.2.2}{\376\377\000G\000r\000i\000d\000\040\000e\000l\000e\000m\000e\000n\000t\000s}{chapter.2}% 29
\BOOKMARK [2][-]{subsection.2.2.1}{\376\377\000B\000a\000s\000i\000c\000\040\000g\000r\000i\000d\000\040\000e\000l\000e\000m\000e\000n\000t\000s}{section.2.2}% 30
\BOOKMARK [2][-]{subsection.2.2.2}{\376\377\000C\000o\000m\000p\000o\000s\000i\000t\000e\000\040\000g\000r\000i\000d\000\040\000e\000l\000e\000m\000e\000n\000t\000s}{section.2.2}% 31
\BOOKMARK [2][-]{subsection.2.2.3}{\376\377\000V\000i\000s\000i\000b\000l\000e\000\040\000a\000n\000d\000\040\000s\000o\000l\000i\000d\000\040\000g\000r\000i\000d\000\040\000m\000o\000d\000e\000s}{section.2.2}% 32
\BOOKMARK [2][-]{subsection.2.2.4}{\376\377\000G\000r\000i\000d\000\040\000r\000o\000u\000t\000i\000n\000e\000s}{section.2.2}% 33
\BOOKMARK [1][-]{section.2.3}{\376\377\000T\000e\000s\000t\000\040\000e\000n\000t\000i\000t\000y\000\040\000d\000e\000s\000i\000g\000n}{chapter.2}% 34
\BOOKMARK [2][-]{subsection.2.3.1}{\376\377\000E\000n\000t\000i\000t\000y\000/\000A\000g\000e\000n\000t\000\040\000d\000u\000a\000l\000i\000t\000y}{section.2.3}% 35
\BOOKMARK [2][-]{subsection.2.3.2}{\376\377\000E\000n\000t\000i\000t\000y\000\040\000p\000r\000o\000p\000e\000r\000t\000i\000e\000s}{section.2.3}% 36
\BOOKMARK [1][-]{section.2.4}{\376\377\000T\000e\000s\000t\000\040\000e\000n\000v\000i\000r\000o\000n\000m\000e\000n\000t\000\040\000d\000e\000s\000i\000g\000n}{chapter.2}% 37
\BOOKMARK [2][-]{subsection.2.4.1}{\376\377\000R\000e\000f\000e\000r\000e\000n\000c\000e\000\040\000t\000e\000s\000t\000\040\000e\000n\000v\000i\000r\000o\000n\000m\000e\000n\000t\000s}{section.2.4}% 38
\BOOKMARK [2][-]{subsection.2.4.2}{\376\377\000M\000i\000r\000r\000o\000r\000\040\000t\000e\000s\000t\000\040\000e\000n\000v\000i\000r\000o\000n\000m\000e\000n\000t\000s}{section.2.4}% 39
\BOOKMARK [1][-]{section.2.5}{\376\377\000A\000g\000e\000n\000t\000\040\000b\000e\000h\000a\000v\000i\000o\000u\000r\000\040\000t\000y\000p\000e\000s}{chapter.2}% 40
\BOOKMARK [1][-]{section.2.6}{\376\377\000A\000\040\000s\000u\000g\000g\000e\000s\000t\000i\000o\000n\000\040\000f\000o\000r\000\040\000a\000\040\000k\000n\000o\000w\000l\000e\000d\000g\000e\000-\000b\000a\000s\000e\000d\000\040\000c\000l\000a\000s\000s\000i\000f\000i\000c\000a\000t\000i\000o\000n\000\040\000o\000f\000\040\000i\000n\000t\000e\000l\000l\000i\000g\000e\000n\000c\000e}{chapter.2}% 41
\BOOKMARK [1][-]{section.2.7}{\376\377\000A\000g\000e\000n\000t\000\040\000a\000s\000p\000e\000c\000t\000\040\000c\000o\000n\000s\000i\000d\000e\000r\000a\000t\000i\000o\000n\000s}{chapter.2}% 42
\BOOKMARK [2][-]{subsection.2.7.1}{\376\377\000P\000r\000o\000c\000e\000s\000s\000i\000n\000g\000\040\000t\000i\000m\000e}{section.2.7}% 43
\BOOKMARK [2][-]{subsection.2.7.2}{\376\377\000P\000r\000o\000c\000e\000s\000s\000i\000n\000g\000\040\000s\000p\000a\000c\000e}{section.2.7}% 44
\BOOKMARK [2][-]{subsection.2.7.3}{\376\377\000L\000e\000a\000r\000n\000i\000n\000g\000\040\000d\000a\000t\000a\000\040\000s\000i\000z\000e}{section.2.7}% 45
\BOOKMARK [2][-]{subsection.2.7.4}{\376\377\000L\000e\000a\000r\000n\000i\000n\000g\000\040\000d\000a\000t\000a\000\040\000l\000e\000v\000e\000l}{section.2.7}% 46
\BOOKMARK [1][-]{section.2.8}{\376\377\000P\000r\000i\000m\000a\000r\000y\000\040\000a\000p\000p\000r\000o\000a\000c\000h\000\040\000c\000h\000o\000i\000c\000e}{chapter.2}% 47
\BOOKMARK [1][-]{section.2.9}{\376\377\000I\000m\000p\000l\000e\000m\000e\000n\000t\000a\000t\000i\000o\000n\000\040\000c\000h\000o\000i\000c\000e}{chapter.2}% 48
\BOOKMARK [2][-]{subsection.2.9.1}{\376\377\000P\000r\000o\000g\000r\000a\000m\000m\000i\000n\000g\000\040\000l\000a\000n\000g\000u\000a\000g\000e\000\040\000c\000h\000o\000i\000c\000e}{section.2.9}% 49
\BOOKMARK [1][-]{section.2.10}{\376\377\000T\000e\000s\000t\000e\000d\000\040\000a\000g\000e\000n\000t\000\040\000c\000h\000o\000i\000c\000e}{chapter.2}% 50
\BOOKMARK [2][-]{subsection.2.10.1}{\376\377\000R\000e\000f\000e\000r\000e\000n\000c\000e\000\040\000a\000g\000e\000n\000t\000s}{section.2.10}% 51
\BOOKMARK [1][-]{section.2.11}{\376\377\000I\000m\000p\000l\000e\000m\000e\000n\000t\000a\000t\000i\000o\000n\000\040\000d\000e\000t\000a\000i\000l\000s}{chapter.2}% 52
\BOOKMARK [0][-]{chapter.3}{\376\377\000R\000e\000s\000u\000l\000t\000s\000\040\000a\000n\000d\000\040\000D\000i\000s\000c\000u\000s\000s\000i\000o\000n}{}% 53
\BOOKMARK [1][-]{section.3.1}{\376\377\000I\000n\000s\000t\000r\000u\000c\000t\000i\000o\000n\000s\000\040\000f\000o\000r\000\040\000u\000s\000a\000g\000e\000\040\000o\000f\000\040\000t\000e\000s\000t\000\040\000e\000n\000v\000i\000r\000o\000n\000m\000e\000n\000t\000\040\000i\000n\000t\000e\000r\000f\000a\000c\000e}{chapter.3}% 54
\BOOKMARK [1][-]{section.3.2}{\376\377\040\042}{chapter.3}% 55
\BOOKMARK [0][-]{chapter.4}{\376\377\000F\000u\000r\000t\000h\000e\000r\000\040\000r\000e\000s\000e\000a\000r\000c\000h\000\040\000s\000u\000g\000g\000e\000s\000t\000i\000o\000n\000s}{}% 56
\BOOKMARK [1][-]{section.4.1}{\376\377\000E\000n\000v\000i\000r\000o\000n\000m\000e\000n\000t\000\040\000i\000m\000p\000r\000o\000v\000e\000m\000e\000n\000t\000s}{chapter.4}% 57
\BOOKMARK [1][-]{section.4.2}{\376\377\000T\000e\000c\000h\000n\000i\000c\000a\000l\000\040\000d\000e\000b\000t\000\040\000m\000a\000n\000a\000g\000e\000m\000e\000n\000t}{chapter.4}% 58
\BOOKMARK [1][-]{section.4.3}{\376\377\000O\000p\000t\000i\000m\000i\000s\000a\000t\000i\000o\000n}{chapter.4}% 59
\BOOKMARK [1][-]{section.4.4}{\376\377\000F\000u\000t\000u\000r\000e\000\040\000r\000e\000s\000e\000a\000r\000c\000h\000\040\000c\000o\000n\000c\000e\000r\000n\000s}{chapter.4}% 60
\BOOKMARK [2][-]{subsection.4.4.1}{\376\377\000G\000a\000i\000n\000-\000o\000f\000-\000f\000u\000n\000c\000t\000i\000o\000n\000\040\000A\000I\000\040\000d\000e\000v\000e\000l\000o\000p\000m\000e\000n\000t\000\040\000r\000i\000s\000k\000s}{section.4.4}% 61
\BOOKMARK [2][-]{subsection.4.4.2}{\376\377\000S\000a\000f\000e\000t\000y\000\040\000v\000e\000r\000s\000u\000s\000\040\000s\000p\000e\000e\000d}{section.4.4}% 62
\BOOKMARK [0][-]{chapter.5}{\376\377\000C\000o\000n\000c\000l\000u\000s\000i\000o\000n}{}% 63
\BOOKMARK [0][-]{chapter*.69}{\376\377\000R\000e\000f\000e\000r\000e\000n\000c\000e\000s}{}% 64
\BOOKMARK [0][-]{chapter*.70}{\376\377\000A\000b\000s\000t\000r\000a\000c\000t}{}% 65
\BOOKMARK [0][-]{chapter*.71}{\376\377\000S\000a\001\176\000e\000t\000a\000k}{}% 66
\BOOKMARK [0][-]{chapter.1}{\376\377\000T\000h\000e\000\040\000C\000o\000d\000e}{}% 67
