\BOOKMARK [0][-]{chapter.1}{\376\377\000U\000v\000o\000d}{}% 1
\BOOKMARK [1][-]{section.1.1}{\376\377\000U\000m\000j\000e\000t\000n\000a\000\040\000i\000n\000t\000e\000l\000i\000g\000e\000n\000c\000i\000j\000a}{chapter.1}% 2
\BOOKMARK [2][-]{subsection.1.1.1}{\376\377\000P\000e\000t\000\040\001\141\000k\000o\000l\000a\000\040\000u\000m\000j\000e\000t\000n\000e\000\040\000i\000n\000t\000e\000l\000i\000g\000e\000n\000c\000i\000j\000e}{section.1.1}% 3
\BOOKMARK [2][-]{subsection.1.1.2}{\376\377\000N\000e\000d\000a\000v\000n\000i\000\040\000n\000a\000p\000r\000e\000d\000a\000k\000\040\000i\000\040\000p\000o\000s\000t\000i\000g\000n\000u\001\007\000a}{section.1.1}% 4
\BOOKMARK [2][-]{subsection.1.1.3}{\376\377\000U\000m\000j\000e\000t\000n\000a\000\040\000i\000n\000t\000e\000l\000i\000g\000e\000n\000c\000i\000j\000a\000\040\000u\000\040\000j\000a\000v\000n\000o\000j\000\040\000u\000p\000o\000t\000r\000e\000b\000i}{section.1.1}% 5
\BOOKMARK [2][-]{subsection.1.1.4}{\376\377\000R\000e\000a\000k\000c\000i\000j\000a\000\040\000n\000a\000\040\000u\000m\000j\000e\000t\000n\000o\000s\000t\000\040\000s\000t\000v\000o\000r\000e\000n\000u\000\040\000u\000m\000j\000e\000t\000n\000o\000m\000\040\000i\000n\000t\000e\000l\000i\000g\000e\000n\000c\000i\000j\000o\000m\000\040\000i\000\040\000p\000i\000t\000a\000n\000j\000e\000\040\000s\000v\000i\000j\000e\000s\000t\000i}{section.1.1}% 6
\BOOKMARK [1][-]{section.1.2}{\376\377\000U\000m\000j\000e\000t\000n\000a\000\040\000s\000v\000i\000j\000e\000s\000t}{chapter.1}% 7
\BOOKMARK [2][-]{subsection.1.2.1}{\376\377\000L\000a\000M\000D\000A}{section.1.2}% 8
\BOOKMARK [2][-]{subsection.1.2.2}{\376\377\000A\000n\000t\000r\000o\000p\000o\000m\000o\000r\000f\000i\000z\000a\000m\000\040\000i\000\040\000u\000m\000j\000e\000t\000n\000a\000\040\000i\000n\000t\000e\000l\000i\000g\000e\000n\000c\000i\000j\000a}{section.1.2}% 9
\BOOKMARK [2][-]{subsection.1.2.3}{\376\377\000A\000r\000g\000u\000m\000e\000n\000t\000\040\000k\000i\000n\000e\000s\000k\000e\000\040\000s\000o\000b\000e}{section.1.2}% 10
\BOOKMARK [2][-]{subsection.1.2.4}{\376\377\000P\000r\000i\000k\000a\000z\000i\000\040\000u\000m\000j\000e\000t\000n\000e\000\040\000i\000n\000t\000e\000l\000i\000g\000e\000n\000c\000i\000j\000e\000\040\000u\000\040\000p\000o\000p\000u\000l\000a\000r\000n\000i\000m\000\040\000m\000e\000d\000i\000j\000i\000m\000a\000\040\000k\000a\000o\000\040\000u\000m\000j\000e\000t\000n\000e\000\040\000s\000v\000i\000j\000e\000s\000t\000i}{section.1.2}% 11
\BOOKMARK [1][-]{section.1.3}{\376\377\000D\000e\000f\000i\000n\000i\000n\000g\000\040\000i\000n\000t\000e\000l\000l\000i\000g\000e\000n\000c\000e}{chapter.1}% 12
\BOOKMARK [1][-]{section.1.4}{\376\377\000V\000r\000s\000t\000e\000\040\000i\000n\000t\000e\000l\000i\000g\000e\000n\000c\000i\000j\000e}{chapter.1}% 13
\BOOKMARK [2][-]{subsection.1.4.1}{\376\377\000P\000o\000s\000t\000o\000j\000e\001\007\000e\000\040\000t\000e\000o\000r\000i\000j\000e}{section.1.4}% 14
\BOOKMARK [1][-]{section.1.5}{\376\377\000D\000e\000f\000i\000n\000i\000r\000a\000n\000j\000e\000\040\000s\000v\000i\000j\000e\000s\000t\000i}{chapter.1}% 15
\BOOKMARK [2][-]{subsection.1.5.1}{\376\377\000P\000o\000s\000t\000o\000j\000e\001\007\000e\000\040\000t\000e\000o\000r\000i\000j\000e}{section.1.5}% 16
\BOOKMARK [1][-]{section.1.6}{\376\377\000T\000e\000s\000t\000i\000r\000a\000n\000j\000e\000\040\000z\000a\000\040\000s\000v\000i\000j\000e\000s\000t}{chapter.1}% 17
\BOOKMARK [2][-]{subsection.1.6.1}{\376\377\000T\000u\000r\000i\000n\000g\000o\000v\000\040\000t\000e\000s\000t}{section.1.6}% 18
\BOOKMARK [2][-]{subsection.1.6.2}{\376\377\000T\000e\000s\000t\000\040\000s\000a\000m\000o\000s\000v\000i\000j\000e\000s\000t\000i}{section.1.6}% 19
\BOOKMARK [0][-]{chapter.2}{\376\377\000M\000a\000t\000e\000r\000i\000j\000a\000l\000i\000\040\000i\000\040\000M\000e\000t\000o\000d\000e}{}% 20
\BOOKMARK [1][-]{section.2.1}{\376\377\000V\000i\000r\000t\000u\000a\000l\000n\000o\000\040\000o\000k\000r\000u\001\176\000e\000n\000j\000e\000\040\000z\000a\000\040\000t\000e\000s\000t\000i\000r\000a\000n\000j\000e}{chapter.2}% 21
\BOOKMARK [1][-]{section.2.2}{\376\377\000E\000l\000e\000m\000e\000n\000t\000i\000\040\000m\000r\000e\001\176\000e}{chapter.2}% 22
\BOOKMARK [0][-]{chapter.3}{\376\377\000R\000e\000z\000u\000l\000t\000a\000t\000i\000\040\000i\000\040\000r\000a\000s\000p\000r\000a\000v\000a}{}% 23
\BOOKMARK [0][-]{chapter.4}{\376\377\000Z\000a\000k\000l\000j\000u\001\015\000a\000k}{}% 24
\BOOKMARK [0][-]{chapter*.21}{\376\377\000S\000a\001\176\000e\000t\000a\000k}{}% 25
\BOOKMARK [0][-]{chapter*.22}{\376\377\000A\000b\000s\000t\000r\000a\000c\000t}{}% 26
\BOOKMARK [0][-]{chapter.1}{\376\377\000T\000h\000e\000\040\000C\000o\000d\000e}{}% 27
